<?xml version="1.0" encoding="UTF-8"?>
<!-- Generated by org.testng.reporters.JUnitReportReporter -->
<testsuite skipped="0" hostname="DESKTOP-4VBH61L" name="theseAPI.RestAssuredDemo.ResearchInvestorsTest" tests="1" failures="0" timestamp="08 Jan 2020 22:52:33 GMT" time="4.558" errors="0">
  <testcase name="research" time="4.558" classname="theseAPI.RestAssuredDemo.ResearchInvestorsTest"/>
</testsuite> <!-- theseAPI.RestAssuredDemo.ResearchInvestorsTest -->
