<?xml version="1.0" encoding="UTF-8"?>
<!-- Generated by org.testng.reporters.JUnitReportReporter -->
<testsuite hostname="DESKTOP-4VBH61L" failures="0" tests="1" name="theseAPI.RestAssuredDemo.ResearchInvestors" time="5.878" errors="0" timestamp="30 Dec 2019 18:19:06 GMT" skipped="0">
  <testcase classname="theseAPI.RestAssuredDemo.ResearchInvestors" name="research" time="5.878"/>
</testsuite> <!-- theseAPI.RestAssuredDemo.ResearchInvestors -->
