<?xml version="1.0" encoding="UTF-8"?>
<!-- Generated by org.testng.reporters.JUnitReportReporter -->
<testsuite hostname="DESKTOP-4VBH61L" failures="0" tests="1" name="runner.RunnerFeature" time="110.701" errors="0" timestamp="01 Jan 2020 20:20:06 GMT" skipped="0">
  <testcase classname="runner.RunnerFeature" name="feature" time="110.701"/>
</testsuite> <!-- runner.RunnerFeature -->
